d:\chungkang\github\2020-02_ck-engine02_week03\03_01_circlebounds_practice\project\source\runtime\math\mathmodule.dir\debug\mathmodule.pch
d:\chungkang\github\2020-02_ck-engine02_week03\03_01_circlebounds_practice\project\source\runtime\math\mathmodule.dir\debug\mathmodule.pdb
d:\chungkang\github\2020-02_ck-engine02_week03\03_01_circlebounds_practice\project\source\runtime\math\mathmodule.dir\debug\precompiled.obj
d:\chungkang\github\2020-02_ck-engine02_week03\03_01_circlebounds_practice\project\source\runtime\math\mathmodule.dir\debug\vector4.obj
d:\chungkang\github\2020-02_ck-engine02_week03\03_01_circlebounds_practice\project\source\runtime\math\mathmodule.dir\debug\vector3.obj
d:\chungkang\github\2020-02_ck-engine02_week03\03_01_circlebounds_practice\project\source\runtime\math\mathmodule.dir\debug\vector2.obj
d:\chungkang\github\2020-02_ck-engine02_week03\03_01_circlebounds_practice\project\source\runtime\math\mathmodule.dir\debug\rectangle.obj
d:\chungkang\github\2020-02_ck-engine02_week03\03_01_circlebounds_practice\project\source\runtime\math\mathmodule.dir\debug\matrix4x4.obj
d:\chungkang\github\2020-02_ck-engine02_week03\03_01_circlebounds_practice\project\source\runtime\math\mathmodule.dir\debug\matrix3x3.obj
d:\chungkang\github\2020-02_ck-engine02_week03\03_01_circlebounds_practice\project\source\runtime\math\mathmodule.dir\debug\matrix2x2.obj
d:\chungkang\github\2020-02_ck-engine02_week03\03_01_circlebounds_practice\project\source\runtime\math\mathmodule.dir\debug\math.obj
d:\chungkang\github\2020-02_ck-engine02_week03\03_01_circlebounds_practice\project\source\runtime\math\mathmodule.dir\debug\linearcolor.obj
d:\chungkang\github\2020-02_ck-engine02_week03\03_01_circlebounds_practice\project\source\runtime\math\mathmodule.dir\debug\color32.obj
d:\chungkang\github\2020-02_ck-engine02_week03\03_01_circlebounds_practice\project\source\runtime\math\mathmodule.dir\debug\circle.obj
d:\chungkang\github\2020-02_ck-engine02_week03\03_01_circlebounds_practice\output\windows\library\debug\mathmodule.lib
d:\chungkang\github\2020-02_ck-engine02_week03\03_01_circlebounds_practice\project\source\runtime\math\mathmodule.dir\debug\mathmodule.tlog\cl.command.1.tlog
d:\chungkang\github\2020-02_ck-engine02_week03\03_01_circlebounds_practice\project\source\runtime\math\mathmodule.dir\debug\mathmodule.tlog\cl.read.1.tlog
d:\chungkang\github\2020-02_ck-engine02_week03\03_01_circlebounds_practice\project\source\runtime\math\mathmodule.dir\debug\mathmodule.tlog\cl.write.1.tlog
d:\chungkang\github\2020-02_ck-engine02_week03\03_01_circlebounds_practice\project\source\runtime\math\mathmodule.dir\debug\mathmodule.tlog\lib-link.read.1.tlog
d:\chungkang\github\2020-02_ck-engine02_week03\03_01_circlebounds_practice\project\source\runtime\math\mathmodule.dir\debug\mathmodule.tlog\lib-link.write.1.tlog
d:\chungkang\github\2020-02_ck-engine02_week03\03_01_circlebounds_practice\project\source\runtime\math\mathmodule.dir\debug\mathmodule.tlog\lib.command.1.tlog
